03:10:02 (25199) DEBUG ConfigReader Loading config from stryker.conf.json
03:10:02 (25199) DEBUG ConfigReader Loaded config: {
  "$schema": "./node_modules/@stryker-mutator/core/schema/stryker-schema.json",
  "_comment": "This config was generated using 'stryker init'. Please see the guide for more information: https://stryker-mutator.io/docs/stryker-js/guides/react",
  "testRunner": "jest",
  "reporters": [
    "progress",
    "clear-text",
    "html"
  ],
  "coverageAnalysis": "off",
  "jest": {
    "projectType": "create-react-app"
  },
  "mutate": [
    "src/main/**/*.{js,jsx,ts,tsx}",
    "!src/main/**/*_NoStryker.{js,jsx,ts,tsx}"
  ],
  "thresholds": {
    "high": 100,
    "low": 90,
    "break": 100
  },
  "fileLogLevel": "trace",
  "logLevel": "debug",
  "allowConsoleColors": true,
  "checkers": [],
  "checkerNodeArgs": [],
  "commandRunner": {
    "command": "npm test"
  },
  "clearTextReporter": {
    "allowColor": true,
    "allowEmojis": false,
    "logTests": true,
    "maxTestsToLog": 3
  },
  "dashboard": {
    "baseUrl": "https://dashboard.stryker-mutator.io/api/reports",
    "reportType": "full"
  },
  "dryRunOnly": false,
  "eventReporter": {
    "baseDir": "reports/mutation/events"
  },
  "ignorePatterns": [],
  "ignoreStatic": false,
  "incremental": false,
  "incrementalFile": "reports/stryker-incremental.json",
  "force": false,
  "inPlace": false,
  "maxConcurrentTestRunners": 9007199254740991,
  "maxTestRunnerReuse": 0,
  "mutator": {
    "plugins": null,
    "excludedMutations": []
  },
  "plugins": [
    "@stryker-mutator/*"
  ],
  "appendPlugins": [],
  "htmlReporter": {
    "fileName": "reports/mutation/mutation.html"
  },
  "jsonReporter": {
    "fileName": "reports/mutation/mutation.json"
  },
  "disableTypeChecks": "{test,src,lib}/**/*.{js,ts,jsx,tsx,html,vue}",
  "symlinkNodeModules": true,
  "tempDirName": ".stryker-tmp",
  "cleanTempDir": true,
  "testRunnerNodeArgs": [],
  "timeoutFactor": 1.5,
  "timeoutMS": 5000,
  "dryRunTimeoutMinutes": 5,
  "tsconfigFile": "tsconfig.json",
  "warnings": true,
  "disableBail": false
}
03:10:02 (25199) DEBUG PluginLoader Loading @stryker-mutator/* from /Users/emrecikisir/Desktop/team-03/frontend/node_modules/@stryker-mutator
03:10:02 (25199) DEBUG PluginLoader Loading plugin "@stryker-mutator/jest-runner" (matched with expression @stryker-mutator/*)
03:10:02 (25199) DEBUG PluginLoader Loading plugin @stryker-mutator/jest-runner
03:10:02 (25199) DEBUG PluginLoader Loading plugin file:///Users/emrecikisir/Desktop/team-03/frontend/node_modules/@stryker-mutator/core/dist/src/reporters/index.js
03:10:02 (25199) DEBUG MetaSchemaBuilder Contributing 1 schemas from plugins to options validation.
03:10:02 (25199) INFO ProjectReader Found 32 of 179 file(s) to be mutated.
03:10:02 (25199) DEBUG ProjectReader All input files: [
  "/Users/emrecikisir/Desktop/team-03/frontend/.babelrc",
  "/Users/emrecikisir/Desktop/team-03/frontend/.env-cmdrc.json",
  "/Users/emrecikisir/Desktop/team-03/frontend/.eslintignore",
  "/Users/emrecikisir/Desktop/team-03/frontend/.eslintrc.json",
  "/Users/emrecikisir/Desktop/team-03/frontend/.gitignore",
  "/Users/emrecikisir/Desktop/team-03/frontend/.storybook/main.js",
  "/Users/emrecikisir/Desktop/team-03/frontend/.storybook/preview.js",
  "/Users/emrecikisir/Desktop/team-03/frontend/.storybook/webpack-plugin-fail-build-on-warning.js",
  "/Users/emrecikisir/Desktop/team-03/frontend/README.md",
  "/Users/emrecikisir/Desktop/team-03/frontend/coverage/lcov-report/base.css",
  "/Users/emrecikisir/Desktop/team-03/frontend/coverage/lcov-report/block-navigation.js",
  "/Users/emrecikisir/Desktop/team-03/frontend/coverage/lcov-report/components/Nav/AppNavbar.js.html",
  "/Users/emrecikisir/Desktop/team-03/frontend/coverage/lcov-report/components/Nav/AppNavbarLocalhost.js.html",
  "/Users/emrecikisir/Desktop/team-03/frontend/coverage/lcov-report/components/Nav/Footer.js.html",
  "/Users/emrecikisir/Desktop/team-03/frontend/coverage/lcov-report/components/Nav/index.html",
  "/Users/emrecikisir/Desktop/team-03/frontend/coverage/lcov-report/components/OurTable.js.html",
  "/Users/emrecikisir/Desktop/team-03/frontend/coverage/lcov-report/components/Profile/RoleBadge.js.html",
  "/Users/emrecikisir/Desktop/team-03/frontend/coverage/lcov-report/components/Profile/index.html",
  "/Users/emrecikisir/Desktop/team-03/frontend/coverage/lcov-report/components/Restaurants/RestaurantForm.js.html",
  "/Users/emrecikisir/Desktop/team-03/frontend/coverage/lcov-report/components/Restaurants/RestaurantTable.js.html",
  "/Users/emrecikisir/Desktop/team-03/frontend/coverage/lcov-report/components/Restaurants/index.html",
  "/Users/emrecikisir/Desktop/team-03/frontend/coverage/lcov-report/components/UCSBDates/UCSBDateForm.js.html",
  "/Users/emrecikisir/Desktop/team-03/frontend/coverage/lcov-report/components/UCSBDates/UCSBDatesTable.js.html",
  "/Users/emrecikisir/Desktop/team-03/frontend/coverage/lcov-report/components/UCSBDates/index.html",
  "/Users/emrecikisir/Desktop/team-03/frontend/coverage/lcov-report/components/UCSBOrganization/UCSBOrganizationForm.js.html",
  "/Users/emrecikisir/Desktop/team-03/frontend/coverage/lcov-report/components/UCSBOrganization/UCSBOrganizationForm.stories.js.html",
  "/Users/emrecikisir/Desktop/team-03/frontend/coverage/lcov-report/components/UCSBOrganization/index.html",
  "/Users/emrecikisir/Desktop/team-03/frontend/coverage/lcov-report/components/Users/UsersTable.js.html",
  "/Users/emrecikisir/Desktop/team-03/frontend/coverage/lcov-report/components/Users/index.html",
  "/Users/emrecikisir/Desktop/team-03/frontend/coverage/lcov-report/components/index.html",
  "/Users/emrecikisir/Desktop/team-03/frontend/coverage/lcov-report/favicon.png",
  "/Users/emrecikisir/Desktop/team-03/frontend/coverage/lcov-report/index.html",
  "/Users/emrecikisir/Desktop/team-03/frontend/coverage/lcov-report/layouts/BasicLayout/BasicLayout.js.html",
  "/Users/emrecikisir/Desktop/team-03/frontend/coverage/lcov-report/layouts/BasicLayout/index.html",
  "/Users/emrecikisir/Desktop/team-03/frontend/coverage/lcov-report/pages/AdminUsersPage.js.html",
  "/Users/emrecikisir/Desktop/team-03/frontend/coverage/lcov-report/pages/HomePage.js.html",
  "/Users/emrecikisir/Desktop/team-03/frontend/coverage/lcov-report/pages/Placeholder/PlaceholderCreatePage.js.html",
  "/Users/emrecikisir/Desktop/team-03/frontend/coverage/lcov-report/pages/Placeholder/PlaceholderEditPage.js.html",
  "/Users/emrecikisir/Desktop/team-03/frontend/coverage/lcov-report/pages/Placeholder/PlaceholderIndexPage.js.html",
  "/Users/emrecikisir/Desktop/team-03/frontend/coverage/lcov-report/pages/Placeholder/index.html",
  "/Users/emrecikisir/Desktop/team-03/frontend/coverage/lcov-report/pages/ProfilePage.js.html",
  "/Users/emrecikisir/Desktop/team-03/frontend/coverage/lcov-report/pages/Restaurants/RestaurantCreatePage.js.html",
  "/Users/emrecikisir/Desktop/team-03/frontend/coverage/lcov-report/pages/Restaurants/RestaurantEditPage.js.html",
  "/Users/emrecikisir/Desktop/team-03/frontend/coverage/lcov-report/pages/Restaurants/RestaurantIndexPage.js.html",
  "/Users/emrecikisir/Desktop/team-03/frontend/coverage/lcov-report/pages/Restaurants/index.html",
  "/Users/emrecikisir/Desktop/team-03/frontend/coverage/lcov-report/pages/UCSBDates/UCSBDatesCreatePage.js.html",
  "/Users/emrecikisir/Desktop/team-03/frontend/coverage/lcov-report/pages/UCSBDates/UCSBDatesEditPage.js.html",
  "/Users/emrecikisir/Desktop/team-03/frontend/coverage/lcov-report/pages/UCSBDates/UCSBDatesIndexPage.js.html",
  "/Users/emrecikisir/Desktop/team-03/frontend/coverage/lcov-report/pages/UCSBDates/index.html",
  "/Users/emrecikisir/Desktop/team-03/frontend/coverage/lcov-report/pages/index.html",
  "/Users/emrecikisir/Desktop/team-03/frontend/coverage/lcov-report/prettify.css",
  "/Users/emrecikisir/Desktop/team-03/frontend/coverage/lcov-report/prettify.js",
  "/Users/emrecikisir/Desktop/team-03/frontend/coverage/lcov-report/sort-arrow-sprite.png",
  "/Users/emrecikisir/Desktop/team-03/frontend/coverage/lcov-report/sorter.js",
  "/Users/emrecikisir/Desktop/team-03/frontend/coverage/lcov-report/utils/UCSBDateUtils.js.html",
  "/Users/emrecikisir/Desktop/team-03/frontend/coverage/lcov-report/utils/arrayUtils.js.html",
  "/Users/emrecikisir/Desktop/team-03/frontend/coverage/lcov-report/utils/currentUser.js.html",
  "/Users/emrecikisir/Desktop/team-03/frontend/coverage/lcov-report/utils/index.html",
  "/Users/emrecikisir/Desktop/team-03/frontend/coverage/lcov-report/utils/minMax_NoStryker.js.html",
  "/Users/emrecikisir/Desktop/team-03/frontend/coverage/lcov-report/utils/restaurantUtils.js.html",
  "/Users/emrecikisir/Desktop/team-03/frontend/coverage/lcov-report/utils/systemInfo.js.html",
  "/Users/emrecikisir/Desktop/team-03/frontend/coverage/lcov-report/utils/useBackend.js.html",
  "/Users/emrecikisir/Desktop/team-03/frontend/coverage/lcov.info",
  "/Users/emrecikisir/Desktop/team-03/frontend/docs-index/_branches/.keep",
  "/Users/emrecikisir/Desktop/team-03/frontend/docs-index/_config.yml",
  "/Users/emrecikisir/Desktop/team-03/frontend/docs-index/_layouts/default.html",
  "/Users/emrecikisir/Desktop/team-03/frontend/docs-index/index.md",
  "/Users/emrecikisir/Desktop/team-03/frontend/docs-index/storybook_placeholder.html",
  "/Users/emrecikisir/Desktop/team-03/frontend/docs-qa-index/_branches/.keep",
  "/Users/emrecikisir/Desktop/team-03/frontend/docs-qa-index/_config.yml",
  "/Users/emrecikisir/Desktop/team-03/frontend/docs-qa-index/_layouts/default.html",
  "/Users/emrecikisir/Desktop/team-03/frontend/docs-qa-index/index.md",
  "/Users/emrecikisir/Desktop/team-03/frontend/jsconfig.json",
  "/Users/emrecikisir/Desktop/team-03/frontend/package-lock.json",
  "/Users/emrecikisir/Desktop/team-03/frontend/package.json",
  "/Users/emrecikisir/Desktop/team-03/frontend/public/favicon.ico",
  "/Users/emrecikisir/Desktop/team-03/frontend/public/index.html",
  "/Users/emrecikisir/Desktop/team-03/frontend/public/logo192.png",
  "/Users/emrecikisir/Desktop/team-03/frontend/public/logo512.png",
  "/Users/emrecikisir/Desktop/team-03/frontend/public/manifest.json",
  "/Users/emrecikisir/Desktop/team-03/frontend/public/mockServiceWorker.js",
  "/Users/emrecikisir/Desktop/team-03/frontend/public/robots.txt",
  "/Users/emrecikisir/Desktop/team-03/frontend/src/App.js",
  "/Users/emrecikisir/Desktop/team-03/frontend/src/fixtures/articlesFixtures.js",
  "/Users/emrecikisir/Desktop/team-03/frontend/src/fixtures/currentUserFixtures.js",
  "/Users/emrecikisir/Desktop/team-03/frontend/src/fixtures/restaurantFixtures.js",
  "/Users/emrecikisir/Desktop/team-03/frontend/src/fixtures/studentFixtures.js",
  "/Users/emrecikisir/Desktop/team-03/frontend/src/fixtures/systemInfoFixtures.js",
  "/Users/emrecikisir/Desktop/team-03/frontend/src/fixtures/temp.json",
  "/Users/emrecikisir/Desktop/team-03/frontend/src/fixtures/ucsbDatesFixtures.js",
  "/Users/emrecikisir/Desktop/team-03/frontend/src/fixtures/ucsbDiningCommonsMenuItemFixtures.js",
  "/Users/emrecikisir/Desktop/team-03/frontend/src/fixtures/ucsbOrganizationFixtures.js",
  "/Users/emrecikisir/Desktop/team-03/frontend/src/fixtures/usersFixtures.js",
  "/Users/emrecikisir/Desktop/team-03/frontend/src/index.css",
  "/Users/emrecikisir/Desktop/team-03/frontend/src/index.js",
  "/Users/emrecikisir/Desktop/team-03/frontend/src/main/components/Nav/AppNavbar.js",
  "/Users/emrecikisir/Desktop/team-03/frontend/src/main/components/Nav/AppNavbarLocalhost.js",
  "/Users/emrecikisir/Desktop/team-03/frontend/src/main/components/Nav/Footer.js",
  "/Users/emrecikisir/Desktop/team-03/frontend/src/main/components/OurTable.js",
  "/Users/emrecikisir/Desktop/team-03/frontend/src/main/components/Profile/RoleBadge.js",
  "/Users/emrecikisir/Desktop/team-03/frontend/src/main/components/Restaurants/RestaurantForm.js",
  "/Users/emrecikisir/Desktop/team-03/frontend/src/main/components/Restaurants/RestaurantTable.js",
  "/Users/emrecikisir/Desktop/team-03/frontend/src/main/components/UCSBDates/UCSBDateForm.js",
  "/Users/emrecikisir/Desktop/team-03/frontend/src/main/components/UCSBDates/UCSBDatesTable.js",
  "/Users/emrecikisir/Desktop/team-03/frontend/src/main/components/UCSBOrganization/UCSBOrganizationForm.js",
  "/Users/emrecikisir/Desktop/team-03/frontend/src/main/components/UCSBOrganization/UCSBOrganizationForm.stories.js",
  "/Users/emrecikisir/Desktop/team-03/frontend/src/main/components/UCSBOrganization/UCSBOrganzaitionForm.test.js",
  "/Users/emrecikisir/Desktop/team-03/frontend/src/main/components/Users/UsersTable.js",
  "/Users/emrecikisir/Desktop/team-03/frontend/src/main/layouts/BasicLayout/BasicLayout.js",
  "/Users/emrecikisir/Desktop/team-03/frontend/src/main/pages/AdminUsersPage.js",
  "/Users/emrecikisir/Desktop/team-03/frontend/src/main/pages/HomePage.js",
  "/Users/emrecikisir/Desktop/team-03/frontend/src/main/pages/Placeholder/PlaceholderCreatePage.js",
  "/Users/emrecikisir/Desktop/team-03/frontend/src/main/pages/Placeholder/PlaceholderEditPage.js",
  "/Users/emrecikisir/Desktop/team-03/frontend/src/main/pages/Placeholder/PlaceholderIndexPage.js",
  "/Users/emrecikisir/Desktop/team-03/frontend/src/main/pages/ProfilePage.js",
  "/Users/emrecikisir/Desktop/team-03/frontend/src/main/pages/Restaurants/RestaurantCreatePage.js",
  "/Users/emrecikisir/Desktop/team-03/frontend/src/main/pages/Restaurants/RestaurantEditPage.js",
  "/Users/emrecikisir/Desktop/team-03/frontend/src/main/pages/Restaurants/RestaurantIndexPage.js",
  "/Users/emrecikisir/Desktop/team-03/frontend/src/main/pages/UCSBDates/UCSBDatesCreatePage.js",
  "/Users/emrecikisir/Desktop/team-03/frontend/src/main/pages/UCSBDates/UCSBDatesEditPage.js",
  "/Users/emrecikisir/Desktop/team-03/frontend/src/main/pages/UCSBDates/UCSBDatesIndexPage.js",
  "/Users/emrecikisir/Desktop/team-03/frontend/src/main/utils/UCSBDateUtils.js",
  "/Users/emrecikisir/Desktop/team-03/frontend/src/main/utils/arrayUtils.js",
  "/Users/emrecikisir/Desktop/team-03/frontend/src/main/utils/currentUser.js",
  "/Users/emrecikisir/Desktop/team-03/frontend/src/main/utils/minMax_NoStryker.js",
  "/Users/emrecikisir/Desktop/team-03/frontend/src/main/utils/restaurantUtils.js",
  "/Users/emrecikisir/Desktop/team-03/frontend/src/main/utils/systemInfo.js",
  "/Users/emrecikisir/Desktop/team-03/frontend/src/main/utils/useBackend.js",
  "/Users/emrecikisir/Desktop/team-03/frontend/src/reportWebVitals.js",
  "/Users/emrecikisir/Desktop/team-03/frontend/src/setupTests.js",
  "/Users/emrecikisir/Desktop/team-03/frontend/src/stories/components/Nav/AppNavbar.stories.js",
  "/Users/emrecikisir/Desktop/team-03/frontend/src/stories/components/Nav/AppNavbarLocalhost.stories.js",
  "/Users/emrecikisir/Desktop/team-03/frontend/src/stories/components/OurTable.stories.js",
  "/Users/emrecikisir/Desktop/team-03/frontend/src/stories/components/Profile/RoleBadge.stories.js",
  "/Users/emrecikisir/Desktop/team-03/frontend/src/stories/components/Restaurants/RestaurantForm.stories.js",
  "/Users/emrecikisir/Desktop/team-03/frontend/src/stories/components/Restaurants/RestaurantTable.stories.js",
  "/Users/emrecikisir/Desktop/team-03/frontend/src/stories/components/UCSBDates/UCSBDateForm.stories.js",
  "/Users/emrecikisir/Desktop/team-03/frontend/src/stories/components/UCSBDates/UCSBDatesTable.stories.js",
  "/Users/emrecikisir/Desktop/team-03/frontend/src/stories/components/Users/UsersTable.stories.js",
  "/Users/emrecikisir/Desktop/team-03/frontend/src/stories/layouts/BasicLayout/AppNavbar.stories.js",
  "/Users/emrecikisir/Desktop/team-03/frontend/src/stories/layouts/BasicLayout/BasicLayout.stories.js",
  "/Users/emrecikisir/Desktop/team-03/frontend/src/stories/layouts/BasicLayout/Footer.stories.js",
  "/Users/emrecikisir/Desktop/team-03/frontend/src/stories/pages/HomePage/HomePage.stories.js",
  "/Users/emrecikisir/Desktop/team-03/frontend/src/stories/pages/Restaurants/RestaurantCreatePage.stories.js",
  "/Users/emrecikisir/Desktop/team-03/frontend/src/stories/pages/Restaurants/RestaurantEditPage.stories.js",
  "/Users/emrecikisir/Desktop/team-03/frontend/src/stories/pages/Restaurants/RestaurantIndexPage.stories.js",
  "/Users/emrecikisir/Desktop/team-03/frontend/src/stories/pages/UCSBDates/UCSBDatesCreatePage.stories.js",
  "/Users/emrecikisir/Desktop/team-03/frontend/src/stories/pages/UCSBDates/UCSBDatesEditPage.stories.js",
  "/Users/emrecikisir/Desktop/team-03/frontend/src/stories/pages/UCSBDates/UCSBDatesIndexPage.stories.js",
  "/Users/emrecikisir/Desktop/team-03/frontend/src/tests/components/Nav/AppNavbar.test.js",
  "/Users/emrecikisir/Desktop/team-03/frontend/src/tests/components/Nav/AppNavbarLocalhost.test.js",
  "/Users/emrecikisir/Desktop/team-03/frontend/src/tests/components/Nav/Footer.test.js",
  "/Users/emrecikisir/Desktop/team-03/frontend/src/tests/components/OurTable.test.js",
  "/Users/emrecikisir/Desktop/team-03/frontend/src/tests/components/Profile/RoleBadge.test.js",
  "/Users/emrecikisir/Desktop/team-03/frontend/src/tests/components/Restaurants/RestaurantForm.test.js",
  "/Users/emrecikisir/Desktop/team-03/frontend/src/tests/components/Restaurants/RestaurantTable.test.js",
  "/Users/emrecikisir/Desktop/team-03/frontend/src/tests/components/UCSBDates/UCSBDateForm.test.js",
  "/Users/emrecikisir/Desktop/team-03/frontend/src/tests/components/UCSBDates/UCSBDatesTable.test.js",
  "/Users/emrecikisir/Desktop/team-03/frontend/src/tests/components/Users/UsersTable.test.js",
  "/Users/emrecikisir/Desktop/team-03/frontend/src/tests/pages/AdminUsersPage.test.js",
  "/Users/emrecikisir/Desktop/team-03/frontend/src/tests/pages/HomePage.test.js",
  "/Users/emrecikisir/Desktop/team-03/frontend/src/tests/pages/Placeholder/PlaceholderCreatePage.test.js",
  "/Users/emrecikisir/Desktop/team-03/frontend/src/tests/pages/Placeholder/PlaceholderEditPage.test.js",
  "/Users/emrecikisir/Desktop/team-03/frontend/src/tests/pages/Placeholder/PlaceholderIndexPage.test.js",
  "/Users/emrecikisir/Desktop/team-03/frontend/src/tests/pages/ProfilePage.test.js",
  "/Users/emrecikisir/Desktop/team-03/frontend/src/tests/pages/Restaurants/RestaurantCreatePage.test.js",
  "/Users/emrecikisir/Desktop/team-03/frontend/src/tests/pages/Restaurants/RestaurantEditPage.test.js",
  "/Users/emrecikisir/Desktop/team-03/frontend/src/tests/pages/Restaurants/RestaurantIndexPage.test.js",
  "/Users/emrecikisir/Desktop/team-03/frontend/src/tests/pages/Restaurants/foo.json",
  "/Users/emrecikisir/Desktop/team-03/frontend/src/tests/pages/UCSBDates/UCSBDatesCreatePage.test.js",
  "/Users/emrecikisir/Desktop/team-03/frontend/src/tests/pages/UCSBDates/UCSBDatesEditPage.test.js",
  "/Users/emrecikisir/Desktop/team-03/frontend/src/tests/pages/UCSBDates/UCSBDatesIndexPage.test.js",
  "/Users/emrecikisir/Desktop/team-03/frontend/src/tests/utils/UCSBDateUtils.test.js",
  "/Users/emrecikisir/Desktop/team-03/frontend/src/tests/utils/arrayUtils.test.js",
  "/Users/emrecikisir/Desktop/team-03/frontend/src/tests/utils/currentUser.test.js",
  "/Users/emrecikisir/Desktop/team-03/frontend/src/tests/utils/minMax_NoStryker.test.js",
  "/Users/emrecikisir/Desktop/team-03/frontend/src/tests/utils/systemInfo.test.js",
  "/Users/emrecikisir/Desktop/team-03/frontend/src/tests/utils/useBackend.test.js",
  "/Users/emrecikisir/Desktop/team-03/frontend/stryker.conf.json"
]
03:10:02 (25199) DEBUG ProjectReader Files to mutate: [
  "/Users/emrecikisir/Desktop/team-03/frontend/src/main/components/Nav/AppNavbar.js",
  "/Users/emrecikisir/Desktop/team-03/frontend/src/main/components/Nav/AppNavbarLocalhost.js",
  "/Users/emrecikisir/Desktop/team-03/frontend/src/main/components/Nav/Footer.js",
  "/Users/emrecikisir/Desktop/team-03/frontend/src/main/components/OurTable.js",
  "/Users/emrecikisir/Desktop/team-03/frontend/src/main/components/Profile/RoleBadge.js",
  "/Users/emrecikisir/Desktop/team-03/frontend/src/main/components/Restaurants/RestaurantForm.js",
  "/Users/emrecikisir/Desktop/team-03/frontend/src/main/components/Restaurants/RestaurantTable.js",
  "/Users/emrecikisir/Desktop/team-03/frontend/src/main/components/UCSBDates/UCSBDateForm.js",
  "/Users/emrecikisir/Desktop/team-03/frontend/src/main/components/UCSBDates/UCSBDatesTable.js",
  "/Users/emrecikisir/Desktop/team-03/frontend/src/main/components/UCSBOrganization/UCSBOrganizationForm.js",
  "/Users/emrecikisir/Desktop/team-03/frontend/src/main/components/UCSBOrganization/UCSBOrganizationForm.stories.js",
  "/Users/emrecikisir/Desktop/team-03/frontend/src/main/components/UCSBOrganization/UCSBOrganzaitionForm.test.js",
  "/Users/emrecikisir/Desktop/team-03/frontend/src/main/components/Users/UsersTable.js",
  "/Users/emrecikisir/Desktop/team-03/frontend/src/main/layouts/BasicLayout/BasicLayout.js",
  "/Users/emrecikisir/Desktop/team-03/frontend/src/main/pages/AdminUsersPage.js",
  "/Users/emrecikisir/Desktop/team-03/frontend/src/main/pages/HomePage.js",
  "/Users/emrecikisir/Desktop/team-03/frontend/src/main/pages/Placeholder/PlaceholderCreatePage.js",
  "/Users/emrecikisir/Desktop/team-03/frontend/src/main/pages/Placeholder/PlaceholderEditPage.js",
  "/Users/emrecikisir/Desktop/team-03/frontend/src/main/pages/Placeholder/PlaceholderIndexPage.js",
  "/Users/emrecikisir/Desktop/team-03/frontend/src/main/pages/ProfilePage.js",
  "/Users/emrecikisir/Desktop/team-03/frontend/src/main/pages/Restaurants/RestaurantCreatePage.js",
  "/Users/emrecikisir/Desktop/team-03/frontend/src/main/pages/Restaurants/RestaurantEditPage.js",
  "/Users/emrecikisir/Desktop/team-03/frontend/src/main/pages/Restaurants/RestaurantIndexPage.js",
  "/Users/emrecikisir/Desktop/team-03/frontend/src/main/pages/UCSBDates/UCSBDatesCreatePage.js",
  "/Users/emrecikisir/Desktop/team-03/frontend/src/main/pages/UCSBDates/UCSBDatesEditPage.js",
  "/Users/emrecikisir/Desktop/team-03/frontend/src/main/pages/UCSBDates/UCSBDatesIndexPage.js",
  "/Users/emrecikisir/Desktop/team-03/frontend/src/main/utils/UCSBDateUtils.js",
  "/Users/emrecikisir/Desktop/team-03/frontend/src/main/utils/arrayUtils.js",
  "/Users/emrecikisir/Desktop/team-03/frontend/src/main/utils/currentUser.js",
  "/Users/emrecikisir/Desktop/team-03/frontend/src/main/utils/restaurantUtils.js",
  "/Users/emrecikisir/Desktop/team-03/frontend/src/main/utils/systemInfo.js",
  "/Users/emrecikisir/Desktop/team-03/frontend/src/main/utils/useBackend.js"
]
03:10:02 (25199) DEBUG TemporaryDirectory Using temp directory "/Users/emrecikisir/Desktop/team-03/frontend/.stryker-tmp"
03:10:02 (25199) DEBUG Instrumenter Instrumenting 32 source files with mutants
03:10:02 (25199) DEBUG Instrumenter Instrumented src/main/components/Nav/AppNavbar.js (35 mutant(s))
03:10:02 (25199) DEBUG Instrumenter Instrumented src/main/components/Nav/AppNavbarLocalhost.js (1 mutant(s))
03:10:02 (25199) DEBUG Instrumenter Instrumented src/main/components/Nav/Footer.js (1 mutant(s))
03:10:02 (25199) DEBUG Instrumenter Instrumented src/main/components/OurTable.js (20 mutant(s))
03:10:02 (25199) DEBUG Instrumenter Instrumented src/main/components/Profile/RoleBadge.js (7 mutant(s))
03:10:02 (25199) DEBUG Instrumenter Instrumented src/main/components/Restaurants/RestaurantForm.js (28 mutant(s))
03:10:02 (25199) DEBUG Instrumenter Instrumented src/main/components/Restaurants/RestaurantTable.js (26 mutant(s))
03:10:02 (25199) DEBUG Instrumenter Instrumented src/main/components/UCSBDates/UCSBDateForm.js (77 mutant(s))
03:10:02 (25199) DEBUG Instrumenter Instrumented src/main/components/UCSBDates/UCSBDatesTable.js (31 mutant(s))
03:10:02 (25199) DEBUG Instrumenter Instrumented src/main/components/UCSBOrganization/UCSBOrganizationForm.js (33 mutant(s))
03:10:02 (25199) DEBUG Instrumenter Instrumented src/main/components/UCSBOrganization/UCSBOrganizationForm.stories.js (13 mutant(s))
03:10:02 (25199) DEBUG Instrumenter Instrumented src/main/components/UCSBOrganization/UCSBOrganzaitionForm.test.js (44 mutant(s))
03:10:02 (25199) DEBUG Instrumenter Instrumented src/main/components/Users/UsersTable.js (19 mutant(s))
03:10:02 (25199) DEBUG Instrumenter Instrumented src/main/layouts/BasicLayout/BasicLayout.js (1 mutant(s))
03:10:02 (25199) DEBUG Instrumenter Instrumented src/main/pages/AdminUsersPage.js (7 mutant(s))
03:10:02 (25199) DEBUG Instrumenter Instrumented src/main/pages/HomePage.js (1 mutant(s))
03:10:02 (25199) DEBUG Instrumenter Instrumented src/main/pages/Placeholder/PlaceholderCreatePage.js (1 mutant(s))
03:10:02 (25199) DEBUG Instrumenter Instrumented src/main/pages/Placeholder/PlaceholderEditPage.js (1 mutant(s))
03:10:02 (25199) DEBUG Instrumenter Instrumented src/main/pages/Placeholder/PlaceholderIndexPage.js (1 mutant(s))
03:10:02 (25199) DEBUG Instrumenter Instrumented src/main/pages/ProfilePage.js (8 mutant(s))
03:10:02 (25199) DEBUG Instrumenter Instrumented src/main/pages/Restaurants/RestaurantCreatePage.js (18 mutant(s))
03:10:02 (25199) DEBUG Instrumenter Instrumented src/main/pages/Restaurants/RestaurantEditPage.js (29 mutant(s))
03:10:02 (25199) DEBUG Instrumenter Instrumented src/main/pages/Restaurants/RestaurantIndexPage.js (14 mutant(s))
03:10:02 (25199) DEBUG Instrumenter Instrumented src/main/pages/UCSBDates/UCSBDatesCreatePage.js (18 mutant(s))
03:10:02 (25199) DEBUG Instrumenter Instrumented src/main/pages/UCSBDates/UCSBDatesEditPage.js (28 mutant(s))
03:10:02 (25199) DEBUG Instrumenter Instrumented src/main/pages/UCSBDates/UCSBDatesIndexPage.js (14 mutant(s))
03:10:02 (25199) DEBUG Instrumenter Instrumented src/main/utils/UCSBDateUtils.js (6 mutant(s))
03:10:02 (25199) DEBUG Instrumenter Instrumented src/main/utils/arrayUtils.js (2 mutant(s))
03:10:02 (25199) DEBUG Instrumenter Instrumented src/main/utils/currentUser.js (49 mutant(s))
03:10:02 (25199) DEBUG Instrumenter Instrumented src/main/utils/restaurantUtils.js (6 mutant(s))
03:10:02 (25199) DEBUG Instrumenter Instrumented src/main/utils/systemInfo.js (15 mutant(s))
03:10:02 (25199) DEBUG Instrumenter Instrumented src/main/utils/useBackend.js (22 mutant(s))
03:10:02 (25199) INFO Instrumenter Instrumented 32 source file(s) with 576 mutant(s)
03:10:02 (25199) INFO ConcurrencyTokenProvider Creating 7 test runner process(es).
03:10:02 (25199) DEBUG ChildProcessProxy Started CheckerWorker in worker process 0 with pid 25202 
03:10:03 (25202) DEBUG PluginLoader Loading plugin @stryker-mutator/jest-runner
03:10:03 (25202) DEBUG PluginLoader Loading plugin file:///Users/emrecikisir/Desktop/team-03/frontend/node_modules/@stryker-mutator/core/dist/src/reporters/index.js
03:10:03 (25199) DEBUG Sandbox Creating a sandbox for files in /Users/emrecikisir/Desktop/team-03/frontend/.stryker-tmp/sandbox2250122
03:10:03 (25199) DEBUG Sandbox Start symlink node_modules
03:10:03 (25199) DEBUG Sandbox Create symlink from /Users/emrecikisir/Desktop/team-03/frontend/node_modules to /Users/emrecikisir/Desktop/team-03/frontend/.stryker-tmp/sandbox2250122/node_modules
03:10:03 (25199) DEBUG BroadcastReporter Broadcasting to reporters ["progress","clear-text","html"]
03:10:03 (25199) DEBUG ChildProcessProxy Started ChildProcessTestRunnerWorker in worker process 0 with pid 25204 
03:10:03 (25199) DEBUG ChildProcessProxy Started ChildProcessTestRunnerWorker in worker process 1 with pid 25205 
03:10:03 (25205) DEBUG PluginLoader Loading plugin @stryker-mutator/jest-runner
03:10:03 (25205) DEBUG PluginLoader Loading plugin file:///Users/emrecikisir/Desktop/team-03/frontend/node_modules/@stryker-mutator/core/dist/src/reporters/index.js
03:10:03 (25204) DEBUG PluginLoader Loading plugin @stryker-mutator/jest-runner
03:10:03 (25204) DEBUG PluginLoader Loading plugin file:///Users/emrecikisir/Desktop/team-03/frontend/node_modules/@stryker-mutator/core/dist/src/reporters/index.js
03:10:03 (25205) DEBUG ChildProcessProxyWorker Changing current working directory for this process to /Users/emrecikisir/Desktop/team-03/frontend/.stryker-tmp/sandbox2250122
03:10:03 (25204) DEBUG ChildProcessProxyWorker Changing current working directory for this process to /Users/emrecikisir/Desktop/team-03/frontend/.stryker-tmp/sandbox2250122
03:10:03 (25205) DEBUG jestTestAdapterFactory Detected Jest version 27.5.1
03:10:03 (25204) DEBUG jestTestAdapterFactory Detected Jest version 27.5.1
03:10:03 (25204) DEBUG JestTestRunner Running jest with --findRelatedTests flag. Set jest.enableFindRelatedTests to false to run all tests on every mutant.
03:10:03 (25205) DEBUG JestTestRunner Running jest with --findRelatedTests flag. Set jest.enableFindRelatedTests to false to run all tests on every mutant.
03:10:03 (25205) DEBUG JestTestRunner Merging file-based config {
  "roots": [
    "<rootDir>/src"
  ],
  "collectCoverageFrom": [
    "src/main/**/*.{js,jsx,ts,tsx}"
  ],
  "setupFiles": [
    "/Users/emrecikisir/Desktop/team-03/frontend/node_modules/react-app-polyfill/jsdom.js"
  ],
  "setupFilesAfterEnv": [
    "<rootDir>/src/setupTests.js"
  ],
  "testMatch": [
    "<rootDir>/src/**/__tests__/**/*.{js,jsx,ts,tsx}",
    "<rootDir>/src/**/*.{spec,test}.{js,jsx,ts,tsx}"
  ],
  "testEnvironment": "jsdom",
  "transform": {
    "^.+\\.(js|jsx|mjs|cjs|ts|tsx)$": "/Users/emrecikisir/Desktop/team-03/frontend/node_modules/react-scripts/config/jest/babelTransform.js",
    "^.+\\.css$": "/Users/emrecikisir/Desktop/team-03/frontend/node_modules/react-scripts/config/jest/cssTransform.js",
    "^(?!.*\\.(js|jsx|mjs|cjs|ts|tsx|css|json)$)": "/Users/emrecikisir/Desktop/team-03/frontend/node_modules/react-scripts/config/jest/fileTransform.js"
  },
  "transformIgnorePatterns": [
    "[/\\\\]node_modules[/\\\\].+\\.(js|jsx|mjs|cjs|ts|tsx)$",
    "^.+\\.module\\.(css|sass|scss)$"
  ],
  "modulePaths": [
    "/Users/emrecikisir/Desktop/team-03/frontend/.stryker-tmp/sandbox2250122/src"
  ],
  "moduleNameMapper": {
    "^react-native$": "react-native-web",
    "^.+\\.module\\.(css|sass|scss)$": "identity-obj-proxy"
  },
  "moduleFileExtensions": [
    "web.js",
    "js",
    "web.ts",
    "ts",
    "web.tsx",
    "tsx",
    "json",
    "web.jsx",
    "jsx",
    "node"
  ],
  "watchPlugins": [
    "/Users/emrecikisir/Desktop/team-03/frontend/node_modules/react-scripts/node_modules/jest-watch-typeahead/build/file_name_plugin/plugin.js",
    "/Users/emrecikisir/Desktop/team-03/frontend/node_modules/react-scripts/node_modules/jest-watch-typeahead/build/test_name_plugin/plugin.js"
  ],
  "resetMocks": true,
  "rootDir": "/Users/emrecikisir/Desktop/team-03/frontend/.stryker-tmp/sandbox2250122",
  "coverageReporters": [
    "text",
    "lcov"
  ],
  "coverageThreshold": {
    "global": {
      "branches": 100,
      "functions": 100,
      "lines": 100,
      "statements": 100
    }
  }
}
      with custom config {}
      and default (internal) stryker config {
  "collectCoverage": false,
  "verbose": false,
  "notify": false,
  "bail": false,
  "reporters": []
}
03:10:03 (25199) INFO DryRunExecutor Starting initial test run (jest test runner with "off" coverage analysis). This may take a while.
03:10:03 (25199) DEBUG DryRunExecutor Using timeout of 300000 ms.
03:10:03 (25199) DEBUG TimeoutDecorator Starting timeout timer (300000 ms) for a test run
03:10:03 (25199) DEBUG ChildProcessProxy Started ChildProcessTestRunnerWorker in worker process 2 with pid 25207 
03:10:03 (25204) DEBUG JestTestRunner Merging file-based config {
  "roots": [
    "<rootDir>/src"
  ],
  "collectCoverageFrom": [
    "src/main/**/*.{js,jsx,ts,tsx}"
  ],
  "setupFiles": [
    "/Users/emrecikisir/Desktop/team-03/frontend/node_modules/react-app-polyfill/jsdom.js"
  ],
  "setupFilesAfterEnv": [
    "<rootDir>/src/setupTests.js"
  ],
  "testMatch": [
    "<rootDir>/src/**/__tests__/**/*.{js,jsx,ts,tsx}",
    "<rootDir>/src/**/*.{spec,test}.{js,jsx,ts,tsx}"
  ],
  "testEnvironment": "jsdom",
  "transform": {
    "^.+\\.(js|jsx|mjs|cjs|ts|tsx)$": "/Users/emrecikisir/Desktop/team-03/frontend/node_modules/react-scripts/config/jest/babelTransform.js",
    "^.+\\.css$": "/Users/emrecikisir/Desktop/team-03/frontend/node_modules/react-scripts/config/jest/cssTransform.js",
    "^(?!.*\\.(js|jsx|mjs|cjs|ts|tsx|css|json)$)": "/Users/emrecikisir/Desktop/team-03/frontend/node_modules/react-scripts/config/jest/fileTransform.js"
  },
  "transformIgnorePatterns": [
    "[/\\\\]node_modules[/\\\\].+\\.(js|jsx|mjs|cjs|ts|tsx)$",
    "^.+\\.module\\.(css|sass|scss)$"
  ],
  "modulePaths": [
    "/Users/emrecikisir/Desktop/team-03/frontend/.stryker-tmp/sandbox2250122/src"
  ],
  "moduleNameMapper": {
    "^react-native$": "react-native-web",
    "^.+\\.module\\.(css|sass|scss)$": "identity-obj-proxy"
  },
  "moduleFileExtensions": [
    "web.js",
    "js",
    "web.ts",
    "ts",
    "web.tsx",
    "tsx",
    "json",
    "web.jsx",
    "jsx",
    "node"
  ],
  "watchPlugins": [
    "/Users/emrecikisir/Desktop/team-03/frontend/node_modules/react-scripts/node_modules/jest-watch-typeahead/build/file_name_plugin/plugin.js",
    "/Users/emrecikisir/Desktop/team-03/frontend/node_modules/react-scripts/node_modules/jest-watch-typeahead/build/test_name_plugin/plugin.js"
  ],
  "resetMocks": true,
  "rootDir": "/Users/emrecikisir/Desktop/team-03/frontend/.stryker-tmp/sandbox2250122",
  "coverageReporters": [
    "text",
    "lcov"
  ],
  "coverageThreshold": {
    "global": {
      "branches": 100,
      "functions": 100,
      "lines": 100,
      "statements": 100
    }
  }
}
      with custom config {}
      and default (internal) stryker config {
  "collectCoverage": false,
  "verbose": false,
  "notify": false,
  "bail": false,
  "reporters": []
}
03:10:03 (25199) DEBUG ChildProcessProxy Started ChildProcessTestRunnerWorker in worker process 3 with pid 25208 
03:10:03 (25205) TRACE JestTestRunner Invoking Jest with config {"fileNamesUnderTest":["/Users/emrecikisir/Desktop/team-03/frontend/.stryker-tmp/sandbox2250122/src/main/components/Nav/AppNavbar.js","/Users/emrecikisir/Desktop/team-03/frontend/.stryker-tmp/sandbox2250122/src/main/components/Nav/AppNavbarLocalhost.js","/Users/emrecikisir/Desktop/team-03/frontend/.stryker-tmp/sandbox2250122/src/main/components/Nav/Footer.js","/Users/emrecikisir/Desktop/team-03/frontend/.stryker-tmp/sandbox2250122/src/main/components/OurTable.js","/Users/emrecikisir/Desktop/team-03/frontend/.stryker-tmp/sandbox2250122/src/main/components/Profile/RoleBadge.js","/Users/emrecikisir/Desktop/team-03/frontend/.stryker-tmp/sandbox2250122/src/main/components/Restaurants/RestaurantForm.js","/Users/emrecikisir/Desktop/team-03/frontend/.stryker-tmp/sandbox2250122/src/main/components/Restaurants/RestaurantTable.js","/Users/emrecikisir/Desktop/team-03/frontend/.stryker-tmp/sandbox2250122/src/main/components/UCSBDates/UCSBDateForm.js","/Users/emrecikisir/Desktop/team-03/frontend/.stryker-tmp/sandbox2250122/src/main/components/UCSBDates/UCSBDatesTable.js","/Users/emrecikisir/Desktop/team-03/frontend/.stryker-tmp/sandbox2250122/src/main/components/UCSBOrganization/UCSBOrganizationForm.js","/Users/emrecikisir/Desktop/team-03/frontend/.stryker-tmp/sandbox2250122/src/main/components/UCSBOrganization/UCSBOrganizationForm.stories.js","/Users/emrecikisir/Desktop/team-03/frontend/.stryker-tmp/sandbox2250122/src/main/components/UCSBOrganization/UCSBOrganzaitionForm.test.js","/Users/emrecikisir/Desktop/team-03/frontend/.stryker-tmp/sandbox2250122/src/main/components/Users/UsersTable.js","/Users/emrecikisir/Desktop/team-03/frontend/.stryker-tmp/sandbox2250122/src/main/layouts/BasicLayout/BasicLayout.js","/Users/emrecikisir/Desktop/team-03/frontend/.stryker-tmp/sandbox2250122/src/main/pages/AdminUsersPage.js","/Users/emrecikisir/Desktop/team-03/frontend/.stryker-tmp/sandbox2250122/src/main/pages/HomePage.js","/Users/emrecikisir/Desktop/team-03/frontend/.stryker-tmp/sandbox2250122/src/main/pages/Placeholder/PlaceholderCreatePage.js","/Users/emrecikisir/Desktop/team-03/frontend/.stryker-tmp/sandbox2250122/src/main/pages/Placeholder/PlaceholderEditPage.js","/Users/emrecikisir/Desktop/team-03/frontend/.stryker-tmp/sandbox2250122/src/main/pages/Placeholder/PlaceholderIndexPage.js","/Users/emrecikisir/Desktop/team-03/frontend/.stryker-tmp/sandbox2250122/src/main/pages/ProfilePage.js","/Users/emrecikisir/Desktop/team-03/frontend/.stryker-tmp/sandbox2250122/src/main/pages/Restaurants/RestaurantCreatePage.js","/Users/emrecikisir/Desktop/team-03/frontend/.stryker-tmp/sandbox2250122/src/main/pages/Restaurants/RestaurantEditPage.js","/Users/emrecikisir/Desktop/team-03/frontend/.stryker-tmp/sandbox2250122/src/main/pages/Restaurants/RestaurantIndexPage.js","/Users/emrecikisir/Desktop/team-03/frontend/.stryker-tmp/sandbox2250122/src/main/pages/UCSBDates/UCSBDatesCreatePage.js","/Users/emrecikisir/Desktop/team-03/frontend/.stryker-tmp/sandbox2250122/src/main/pages/UCSBDates/UCSBDatesEditPage.js","/Users/emrecikisir/Desktop/team-03/frontend/.stryker-tmp/sandbox2250122/src/main/pages/UCSBDates/UCSBDatesIndexPage.js","/Users/emrecikisir/Desktop/team-03/frontend/.stryker-tmp/sandbox2250122/src/main/utils/UCSBDateUtils.js","/Users/emrecikisir/Desktop/team-03/frontend/.stryker-tmp/sandbox2250122/src/main/utils/arrayUtils.js","/Users/emrecikisir/Desktop/team-03/frontend/.stryker-tmp/sandbox2250122/src/main/utils/currentUser.js","/Users/emrecikisir/Desktop/team-03/frontend/.stryker-tmp/sandbox2250122/src/main/utils/restaurantUtils.js","/Users/emrecikisir/Desktop/team-03/frontend/.stryker-tmp/sandbox2250122/src/main/utils/systemInfo.js","/Users/emrecikisir/Desktop/team-03/frontend/.stryker-tmp/sandbox2250122/src/main/utils/useBackend.js"],"jestConfig":{"roots":["<rootDir>/src","/Users/emrecikisir/Desktop/team-03/frontend/.stryker-tmp/sandbox2250122/src/main/components/Nav","/Users/emrecikisir/Desktop/team-03/frontend/.stryker-tmp/sandbox2250122/src/main/components","/Users/emrecikisir/Desktop/team-03/frontend/.stryker-tmp/sandbox2250122/src/main/components/Profile","/Users/emrecikisir/Desktop/team-03/frontend/.stryker-tmp/sandbox2250122/src/main/components/Restaurants","/Users/emrecikisir/Desktop/team-03/frontend/.stryker-tmp/sandbox2250122/src/main/components/UCSBDates","/Users/emrecikisir/Desktop/team-03/frontend/.stryker-tmp/sandbox2250122/src/main/components/UCSBOrganization","/Users/emrecikisir/Desktop/team-03/frontend/.stryker-tmp/sandbox2250122/src/main/components/Users","/Users/emrecikisir/Desktop/team-03/frontend/.stryker-tmp/sandbox2250122/src/main/layouts/BasicLayout","/Users/emrecikisir/Desktop/team-03/frontend/.stryker-tmp/sandbox2250122/src/main/pages","/Users/emrecikisir/Desktop/team-03/frontend/.stryker-tmp/sandbox2250122/src/main/pages/Placeholder","/Users/emrecikisir/Desktop/team-03/frontend/.stryker-tmp/sandbox2250122/src/main/pages/Restaurants","/Users/emrecikisir/Desktop/team-03/frontend/.stryker-tmp/sandbox2250122/src/main/pages/UCSBDates","/Users/emrecikisir/Desktop/team-03/frontend/.stryker-tmp/sandbox2250122/src/main/utils"],"collectCoverageFrom":["src/main/**/*.{js,jsx,ts,tsx}"],"setupFiles":["/Users/emrecikisir/Desktop/team-03/frontend/node_modules/react-app-polyfill/jsdom.js"],"setupFilesAfterEnv":["<rootDir>/src/setupTests.js"],"testMatch":["<rootDir>/src/**/__tests__/**/*.{js,jsx,ts,tsx}","<rootDir>/src/**/*.{spec,test}.{js,jsx,ts,tsx}"],"testEnvironment":"jsdom","transform":{"^.+\\.(js|jsx|mjs|cjs|ts|tsx)$":"/Users/emrecikisir/Desktop/team-03/frontend/node_modules/react-scripts/config/jest/babelTransform.js","^.+\\.css$":"/Users/emrecikisir/Desktop/team-03/frontend/node_modules/react-scripts/config/jest/cssTransform.js","^(?!.*\\.(js|jsx|mjs|cjs|ts|tsx|css|json)$)":"/Users/emrecikisir/Desktop/team-03/frontend/node_modules/react-scripts/config/jest/fileTransform.js"},"transformIgnorePatterns":["[/\\\\]node_modules[/\\\\].+\\.(js|jsx|mjs|cjs|ts|tsx)$","^.+\\.module\\.(css|sass|scss)$"],"modulePaths":["/Users/emrecikisir/Desktop/team-03/frontend/.stryker-tmp/sandbox2250122/src"],"moduleNameMapper":{"^react-native$":"react-native-web","^.+\\.module\\.(css|sass|scss)$":"identity-obj-proxy"},"moduleFileExtensions":["web.js","js","web.ts","ts","web.tsx","tsx","json","web.jsx","jsx","node"],"watchPlugins":["/Users/emrecikisir/Desktop/team-03/frontend/node_modules/react-scripts/node_modules/jest-watch-typeahead/build/file_name_plugin/plugin.js","/Users/emrecikisir/Desktop/team-03/frontend/node_modules/react-scripts/node_modules/jest-watch-typeahead/build/test_name_plugin/plugin.js"],"resetMocks":true,"rootDir":"/Users/emrecikisir/Desktop/team-03/frontend/.stryker-tmp/sandbox2250122","coverageReporters":["text","lcov"],"coverageThreshold":{"global":{"branches":100,"functions":100,"lines":100,"statements":100}},"collectCoverage":false,"verbose":false,"notify":false,"bail":false,"reporters":[],"globals":{"__strykerGlobalNamespace__":"__stryker__"}},"testLocationInResults":true}
03:10:03 (25208) DEBUG PluginLoader Loading plugin @stryker-mutator/jest-runner
03:10:03 (25208) DEBUG PluginLoader Loading plugin file:///Users/emrecikisir/Desktop/team-03/frontend/node_modules/@stryker-mutator/core/dist/src/reporters/index.js
03:10:03 (25207) DEBUG PluginLoader Loading plugin @stryker-mutator/jest-runner
03:10:03 (25207) DEBUG PluginLoader Loading plugin file:///Users/emrecikisir/Desktop/team-03/frontend/node_modules/@stryker-mutator/core/dist/src/reporters/index.js
03:10:03 (25207) DEBUG ChildProcessProxyWorker Changing current working directory for this process to /Users/emrecikisir/Desktop/team-03/frontend/.stryker-tmp/sandbox2250122
03:10:03 (25208) DEBUG ChildProcessProxyWorker Changing current working directory for this process to /Users/emrecikisir/Desktop/team-03/frontend/.stryker-tmp/sandbox2250122
03:10:03 (25208) DEBUG jestTestAdapterFactory Detected Jest version 27.5.1
03:10:03 (25207) DEBUG jestTestAdapterFactory Detected Jest version 27.5.1
03:10:03 (25208) DEBUG JestTestRunner Running jest with --findRelatedTests flag. Set jest.enableFindRelatedTests to false to run all tests on every mutant.
03:10:03 (25207) DEBUG JestTestRunner Running jest with --findRelatedTests flag. Set jest.enableFindRelatedTests to false to run all tests on every mutant.
03:10:03 (25208) DEBUG JestTestRunner Merging file-based config {
  "roots": [
    "<rootDir>/src"
  ],
  "collectCoverageFrom": [
    "src/main/**/*.{js,jsx,ts,tsx}"
  ],
  "setupFiles": [
    "/Users/emrecikisir/Desktop/team-03/frontend/node_modules/react-app-polyfill/jsdom.js"
  ],
  "setupFilesAfterEnv": [
    "<rootDir>/src/setupTests.js"
  ],
  "testMatch": [
    "<rootDir>/src/**/__tests__/**/*.{js,jsx,ts,tsx}",
    "<rootDir>/src/**/*.{spec,test}.{js,jsx,ts,tsx}"
  ],
  "testEnvironment": "jsdom",
  "transform": {
    "^.+\\.(js|jsx|mjs|cjs|ts|tsx)$": "/Users/emrecikisir/Desktop/team-03/frontend/node_modules/react-scripts/config/jest/babelTransform.js",
    "^.+\\.css$": "/Users/emrecikisir/Desktop/team-03/frontend/node_modules/react-scripts/config/jest/cssTransform.js",
    "^(?!.*\\.(js|jsx|mjs|cjs|ts|tsx|css|json)$)": "/Users/emrecikisir/Desktop/team-03/frontend/node_modules/react-scripts/config/jest/fileTransform.js"
  },
  "transformIgnorePatterns": [
    "[/\\\\]node_modules[/\\\\].+\\.(js|jsx|mjs|cjs|ts|tsx)$",
    "^.+\\.module\\.(css|sass|scss)$"
  ],
  "modulePaths": [
    "/Users/emrecikisir/Desktop/team-03/frontend/.stryker-tmp/sandbox2250122/src"
  ],
  "moduleNameMapper": {
    "^react-native$": "react-native-web",
    "^.+\\.module\\.(css|sass|scss)$": "identity-obj-proxy"
  },
  "moduleFileExtensions": [
    "web.js",
    "js",
    "web.ts",
    "ts",
    "web.tsx",
    "tsx",
    "json",
    "web.jsx",
    "jsx",
    "node"
  ],
  "watchPlugins": [
    "/Users/emrecikisir/Desktop/team-03/frontend/node_modules/react-scripts/node_modules/jest-watch-typeahead/build/file_name_plugin/plugin.js",
    "/Users/emrecikisir/Desktop/team-03/frontend/node_modules/react-scripts/node_modules/jest-watch-typeahead/build/test_name_plugin/plugin.js"
  ],
  "resetMocks": true,
  "rootDir": "/Users/emrecikisir/Desktop/team-03/frontend/.stryker-tmp/sandbox2250122",
  "coverageReporters": [
    "text",
    "lcov"
  ],
  "coverageThreshold": {
    "global": {
      "branches": 100,
      "functions": 100,
      "lines": 100,
      "statements": 100
    }
  }
}
      with custom config {}
      and default (internal) stryker config {
  "collectCoverage": false,
  "verbose": false,
  "notify": false,
  "bail": false,
  "reporters": []
}
03:10:03 (25199) DEBUG ChildProcessProxy Started ChildProcessTestRunnerWorker in worker process 4 with pid 25238 
03:10:03 (25207) DEBUG JestTestRunner Merging file-based config {
  "roots": [
    "<rootDir>/src"
  ],
  "collectCoverageFrom": [
    "src/main/**/*.{js,jsx,ts,tsx}"
  ],
  "setupFiles": [
    "/Users/emrecikisir/Desktop/team-03/frontend/node_modules/react-app-polyfill/jsdom.js"
  ],
  "setupFilesAfterEnv": [
    "<rootDir>/src/setupTests.js"
  ],
  "testMatch": [
    "<rootDir>/src/**/__tests__/**/*.{js,jsx,ts,tsx}",
    "<rootDir>/src/**/*.{spec,test}.{js,jsx,ts,tsx}"
  ],
  "testEnvironment": "jsdom",
  "transform": {
    "^.+\\.(js|jsx|mjs|cjs|ts|tsx)$": "/Users/emrecikisir/Desktop/team-03/frontend/node_modules/react-scripts/config/jest/babelTransform.js",
    "^.+\\.css$": "/Users/emrecikisir/Desktop/team-03/frontend/node_modules/react-scripts/config/jest/cssTransform.js",
    "^(?!.*\\.(js|jsx|mjs|cjs|ts|tsx|css|json)$)": "/Users/emrecikisir/Desktop/team-03/frontend/node_modules/react-scripts/config/jest/fileTransform.js"
  },
  "transformIgnorePatterns": [
    "[/\\\\]node_modules[/\\\\].+\\.(js|jsx|mjs|cjs|ts|tsx)$",
    "^.+\\.module\\.(css|sass|scss)$"
  ],
  "modulePaths": [
    "/Users/emrecikisir/Desktop/team-03/frontend/.stryker-tmp/sandbox2250122/src"
  ],
  "moduleNameMapper": {
    "^react-native$": "react-native-web",
    "^.+\\.module\\.(css|sass|scss)$": "identity-obj-proxy"
  },
  "moduleFileExtensions": [
    "web.js",
    "js",
    "web.ts",
    "ts",
    "web.tsx",
    "tsx",
    "json",
    "web.jsx",
    "jsx",
    "node"
  ],
  "watchPlugins": [
    "/Users/emrecikisir/Desktop/team-03/frontend/node_modules/react-scripts/node_modules/jest-watch-typeahead/build/file_name_plugin/plugin.js",
    "/Users/emrecikisir/Desktop/team-03/frontend/node_modules/react-scripts/node_modules/jest-watch-typeahead/build/test_name_plugin/plugin.js"
  ],
  "resetMocks": true,
  "rootDir": "/Users/emrecikisir/Desktop/team-03/frontend/.stryker-tmp/sandbox2250122",
  "coverageReporters": [
    "text",
    "lcov"
  ],
  "coverageThreshold": {
    "global": {
      "branches": 100,
      "functions": 100,
      "lines": 100,
      "statements": 100
    }
  }
}
      with custom config {}
      and default (internal) stryker config {
  "collectCoverage": false,
  "verbose": false,
  "notify": false,
  "bail": false,
  "reporters": []
}
03:10:03 (25199) DEBUG ChildProcessProxy Started ChildProcessTestRunnerWorker in worker process 5 with pid 25239 
03:10:04 (25239) DEBUG PluginLoader Loading plugin @stryker-mutator/jest-runner
03:10:04 (25239) DEBUG PluginLoader Loading plugin file:///Users/emrecikisir/Desktop/team-03/frontend/node_modules/@stryker-mutator/core/dist/src/reporters/index.js
03:10:04 (25238) DEBUG PluginLoader Loading plugin @stryker-mutator/jest-runner
03:10:04 (25238) DEBUG PluginLoader Loading plugin file:///Users/emrecikisir/Desktop/team-03/frontend/node_modules/@stryker-mutator/core/dist/src/reporters/index.js
03:10:04 (25238) DEBUG ChildProcessProxyWorker Changing current working directory for this process to /Users/emrecikisir/Desktop/team-03/frontend/.stryker-tmp/sandbox2250122
03:10:04 (25239) DEBUG ChildProcessProxyWorker Changing current working directory for this process to /Users/emrecikisir/Desktop/team-03/frontend/.stryker-tmp/sandbox2250122
03:10:04 (25239) DEBUG jestTestAdapterFactory Detected Jest version 27.5.1
03:10:04 (25238) DEBUG jestTestAdapterFactory Detected Jest version 27.5.1
03:10:04 (25238) DEBUG JestTestRunner Running jest with --findRelatedTests flag. Set jest.enableFindRelatedTests to false to run all tests on every mutant.
03:10:04 (25239) DEBUG JestTestRunner Running jest with --findRelatedTests flag. Set jest.enableFindRelatedTests to false to run all tests on every mutant.
03:10:04 (25238) DEBUG JestTestRunner Merging file-based config {
  "roots": [
    "<rootDir>/src"
  ],
  "collectCoverageFrom": [
    "src/main/**/*.{js,jsx,ts,tsx}"
  ],
  "setupFiles": [
    "/Users/emrecikisir/Desktop/team-03/frontend/node_modules/react-app-polyfill/jsdom.js"
  ],
  "setupFilesAfterEnv": [
    "<rootDir>/src/setupTests.js"
  ],
  "testMatch": [
    "<rootDir>/src/**/__tests__/**/*.{js,jsx,ts,tsx}",
    "<rootDir>/src/**/*.{spec,test}.{js,jsx,ts,tsx}"
  ],
  "testEnvironment": "jsdom",
  "transform": {
    "^.+\\.(js|jsx|mjs|cjs|ts|tsx)$": "/Users/emrecikisir/Desktop/team-03/frontend/node_modules/react-scripts/config/jest/babelTransform.js",
    "^.+\\.css$": "/Users/emrecikisir/Desktop/team-03/frontend/node_modules/react-scripts/config/jest/cssTransform.js",
    "^(?!.*\\.(js|jsx|mjs|cjs|ts|tsx|css|json)$)": "/Users/emrecikisir/Desktop/team-03/frontend/node_modules/react-scripts/config/jest/fileTransform.js"
  },
  "transformIgnorePatterns": [
    "[/\\\\]node_modules[/\\\\].+\\.(js|jsx|mjs|cjs|ts|tsx)$",
    "^.+\\.module\\.(css|sass|scss)$"
  ],
  "modulePaths": [
    "/Users/emrecikisir/Desktop/team-03/frontend/.stryker-tmp/sandbox2250122/src"
  ],
  "moduleNameMapper": {
    "^react-native$": "react-native-web",
    "^.+\\.module\\.(css|sass|scss)$": "identity-obj-proxy"
  },
  "moduleFileExtensions": [
    "web.js",
    "js",
    "web.ts",
    "ts",
    "web.tsx",
    "tsx",
    "json",
    "web.jsx",
    "jsx",
    "node"
  ],
  "watchPlugins": [
    "/Users/emrecikisir/Desktop/team-03/frontend/node_modules/react-scripts/node_modules/jest-watch-typeahead/build/file_name_plugin/plugin.js",
    "/Users/emrecikisir/Desktop/team-03/frontend/node_modules/react-scripts/node_modules/jest-watch-typeahead/build/test_name_plugin/plugin.js"
  ],
  "resetMocks": true,
  "rootDir": "/Users/emrecikisir/Desktop/team-03/frontend/.stryker-tmp/sandbox2250122",
  "coverageReporters": [
    "text",
    "lcov"
  ],
  "coverageThreshold": {
    "global": {
      "branches": 100,
      "functions": 100,
      "lines": 100,
      "statements": 100
    }
  }
}
      with custom config {}
      and default (internal) stryker config {
  "collectCoverage": false,
  "verbose": false,
  "notify": false,
  "bail": false,
  "reporters": []
}
03:10:04 (25199) DEBUG ChildProcessProxy Started ChildProcessTestRunnerWorker in worker process 6 with pid 25256 
03:10:04 (25239) DEBUG JestTestRunner Merging file-based config {
  "roots": [
    "<rootDir>/src"
  ],
  "collectCoverageFrom": [
    "src/main/**/*.{js,jsx,ts,tsx}"
  ],
  "setupFiles": [
    "/Users/emrecikisir/Desktop/team-03/frontend/node_modules/react-app-polyfill/jsdom.js"
  ],
  "setupFilesAfterEnv": [
    "<rootDir>/src/setupTests.js"
  ],
  "testMatch": [
    "<rootDir>/src/**/__tests__/**/*.{js,jsx,ts,tsx}",
    "<rootDir>/src/**/*.{spec,test}.{js,jsx,ts,tsx}"
  ],
  "testEnvironment": "jsdom",
  "transform": {
    "^.+\\.(js|jsx|mjs|cjs|ts|tsx)$": "/Users/emrecikisir/Desktop/team-03/frontend/node_modules/react-scripts/config/jest/babelTransform.js",
    "^.+\\.css$": "/Users/emrecikisir/Desktop/team-03/frontend/node_modules/react-scripts/config/jest/cssTransform.js",
    "^(?!.*\\.(js|jsx|mjs|cjs|ts|tsx|css|json)$)": "/Users/emrecikisir/Desktop/team-03/frontend/node_modules/react-scripts/config/jest/fileTransform.js"
  },
  "transformIgnorePatterns": [
    "[/\\\\]node_modules[/\\\\].+\\.(js|jsx|mjs|cjs|ts|tsx)$",
    "^.+\\.module\\.(css|sass|scss)$"
  ],
  "modulePaths": [
    "/Users/emrecikisir/Desktop/team-03/frontend/.stryker-tmp/sandbox2250122/src"
  ],
  "moduleNameMapper": {
    "^react-native$": "react-native-web",
    "^.+\\.module\\.(css|sass|scss)$": "identity-obj-proxy"
  },
  "moduleFileExtensions": [
    "web.js",
    "js",
    "web.ts",
    "ts",
    "web.tsx",
    "tsx",
    "json",
    "web.jsx",
    "jsx",
    "node"
  ],
  "watchPlugins": [
    "/Users/emrecikisir/Desktop/team-03/frontend/node_modules/react-scripts/node_modules/jest-watch-typeahead/build/file_name_plugin/plugin.js",
    "/Users/emrecikisir/Desktop/team-03/frontend/node_modules/react-scripts/node_modules/jest-watch-typeahead/build/test_name_plugin/plugin.js"
  ],
  "resetMocks": true,
  "rootDir": "/Users/emrecikisir/Desktop/team-03/frontend/.stryker-tmp/sandbox2250122",
  "coverageReporters": [
    "text",
    "lcov"
  ],
  "coverageThreshold": {
    "global": {
      "branches": 100,
      "functions": 100,
      "lines": 100,
      "statements": 100
    }
  }
}
      with custom config {}
      and default (internal) stryker config {
  "collectCoverage": false,
  "verbose": false,
  "notify": false,
  "bail": false,
  "reporters": []
}
03:10:04 (25256) DEBUG PluginLoader Loading plugin @stryker-mutator/jest-runner
03:10:04 (25256) DEBUG PluginLoader Loading plugin file:///Users/emrecikisir/Desktop/team-03/frontend/node_modules/@stryker-mutator/core/dist/src/reporters/index.js
03:10:04 (25256) DEBUG ChildProcessProxyWorker Changing current working directory for this process to /Users/emrecikisir/Desktop/team-03/frontend/.stryker-tmp/sandbox2250122
03:10:04 (25256) DEBUG jestTestAdapterFactory Detected Jest version 27.5.1
03:10:04 (25256) DEBUG JestTestRunner Running jest with --findRelatedTests flag. Set jest.enableFindRelatedTests to false to run all tests on every mutant.
03:10:04 (25256) DEBUG JestTestRunner Merging file-based config {
  "roots": [
    "<rootDir>/src"
  ],
  "collectCoverageFrom": [
    "src/main/**/*.{js,jsx,ts,tsx}"
  ],
  "setupFiles": [
    "/Users/emrecikisir/Desktop/team-03/frontend/node_modules/react-app-polyfill/jsdom.js"
  ],
  "setupFilesAfterEnv": [
    "<rootDir>/src/setupTests.js"
  ],
  "testMatch": [
    "<rootDir>/src/**/__tests__/**/*.{js,jsx,ts,tsx}",
    "<rootDir>/src/**/*.{spec,test}.{js,jsx,ts,tsx}"
  ],
  "testEnvironment": "jsdom",
  "transform": {
    "^.+\\.(js|jsx|mjs|cjs|ts|tsx)$": "/Users/emrecikisir/Desktop/team-03/frontend/node_modules/react-scripts/config/jest/babelTransform.js",
    "^.+\\.css$": "/Users/emrecikisir/Desktop/team-03/frontend/node_modules/react-scripts/config/jest/cssTransform.js",
    "^(?!.*\\.(js|jsx|mjs|cjs|ts|tsx|css|json)$)": "/Users/emrecikisir/Desktop/team-03/frontend/node_modules/react-scripts/config/jest/fileTransform.js"
  },
  "transformIgnorePatterns": [
    "[/\\\\]node_modules[/\\\\].+\\.(js|jsx|mjs|cjs|ts|tsx)$",
    "^.+\\.module\\.(css|sass|scss)$"
  ],
  "modulePaths": [
    "/Users/emrecikisir/Desktop/team-03/frontend/.stryker-tmp/sandbox2250122/src"
  ],
  "moduleNameMapper": {
    "^react-native$": "react-native-web",
    "^.+\\.module\\.(css|sass|scss)$": "identity-obj-proxy"
  },
  "moduleFileExtensions": [
    "web.js",
    "js",
    "web.ts",
    "ts",
    "web.tsx",
    "tsx",
    "json",
    "web.jsx",
    "jsx",
    "node"
  ],
  "watchPlugins": [
    "/Users/emrecikisir/Desktop/team-03/frontend/node_modules/react-scripts/node_modules/jest-watch-typeahead/build/file_name_plugin/plugin.js",
    "/Users/emrecikisir/Desktop/team-03/frontend/node_modules/react-scripts/node_modules/jest-watch-typeahead/build/test_name_plugin/plugin.js"
  ],
  "resetMocks": true,
  "rootDir": "/Users/emrecikisir/Desktop/team-03/frontend/.stryker-tmp/sandbox2250122",
  "coverageReporters": [
    "text",
    "lcov"
  ],
  "coverageThreshold": {
    "global": {
      "branches": 100,
      "functions": 100,
      "lines": 100,
      "statements": 100
    }
  }
}
      with custom config {}
      and default (internal) stryker config {
  "collectCoverage": false,
  "verbose": false,
  "notify": false,
  "bail": false,
  "reporters": []
}
03:10:12 (25199) ERROR DryRunExecutor One or more tests resulted in an error:
	BABEL_TRANSFORM_ERROR /Users/emrecikisir/Desktop/team-03/frontend/.stryker-tmp/sandbox2250122/src/main/components/UCSBOrganization/UCSBOrganzaitionForm.test.js: The second argument of `jest.mock` must be an inline function.

  52 | import { QueryClient, QueryClientProvider } from "react-query";
  53 | const mockedNavigate = jest.fn();
> 54 | jest.mock(stryMutAct_9fa48("272") ? "" : (stryCov_9fa48("272"), 'react-router-dom'), stryMutAct_9fa48("273") ? () => undefined : (stryCov_9fa48("273"), () => stryMutAct_9fa48("274") ? {} : (stryCov_9fa48("274"), {
     |                                                                                      ^
  55 |   ...jest.requireActual(stryMutAct_9fa48("275") ? "" : (stryCov_9fa48("275"), 'react-router-dom')),
  56 |   useNavigate: stryMutAct_9fa48("276") ? () => undefined : (stryCov_9fa48("276"), () => mockedNavigate)
  57 | }))); TypeError: /Users/emrecikisir/Desktop/team-03/frontend/.stryker-tmp/sandbox2250122/src/main/components/UCSBOrganization/UCSBOrganzaitionForm.test.js: The second argument of `jest.mock` must be an inline function.

  52 | import { QueryClient, QueryClientProvider } from "react-query";
  53 | const mockedNavigate = jest.fn();
> 54 | jest.mock(stryMutAct_9fa48("272") ? "" : (stryCov_9fa48("272"), 'react-router-dom'), stryMutAct_9fa48("273") ? () => undefined : (stryCov_9fa48("273"), () => stryMutAct_9fa48("274") ? {} : (stryCov_9fa48("274"), {
     |                                                                                      ^
  55 |   ...jest.requireActual(stryMutAct_9fa48("275") ? "" : (stryCov_9fa48("275"), 'react-router-dom')),
  56 |   useNavigate: stryMutAct_9fa48("276") ? () => undefined : (stryCov_9fa48("276"), () => mockedNavigate)
  57 | })));
    at File.buildError [as buildCodeFrameError] (/Users/emrecikisir/Desktop/team-03/frontend/node_modules/@babel/core/src/transformation/file/file.ts:279:12)
    at NodePath.buildCodeFrameError (/Users/emrecikisir/Desktop/team-03/frontend/node_modules/@babel/traverse/src/path/index.ts:140:21)
    at Object.FUNCTIONS.mock (/Users/emrecikisir/Desktop/team-03/frontend/node_modules/babel-plugin-jest-hoist/build/index.js:119:27)
    at extractJestObjExprIfHoistable (/Users/emrecikisir/Desktop/team-03/frontend/node_modules/babel-plugin-jest-hoist/build/index.js:273:31)
    at PluginPass.call (/Users/emrecikisir/Desktop/team-03/frontend/node_modules/babel-plugin-jest-hoist/build/index.js:301:29)
    at call (/Users/emrecikisir/Desktop/team-03/frontend/node_modules/@babel/traverse/src/visitors.ts:292:14)
    at NodePath._call (/Users/emrecikisir/Desktop/team-03/frontend/node_modules/@babel/traverse/src/path/context.ts:35:20)
    at NodePath.call (/Users/emrecikisir/Desktop/team-03/frontend/node_modules/@babel/traverse/src/path/context.ts:20:17)
    at NodePath.visit (/Users/emrecikisir/Desktop/team-03/frontend/node_modules/@babel/traverse/src/path/context.ts:94:31)
    at TraversalContext.visitQueue (/Users/emrecikisir/Desktop/team-03/frontend/node_modules/@babel/traverse/src/context.ts:144:16)
    at TraversalContext.visitMultiple (/Users/emrecikisir/Desktop/team-03/frontend/node_modules/@babel/traverse/src/context.ts:98:17)
    at TraversalContext.visit (/Users/emrecikisir/Desktop/team-03/frontend/node_modules/@babel/traverse/src/context.ts:174:19)
    at traverseNode (/Users/emrecikisir/Desktop/team-03/frontend/node_modules/@babel/traverse/src/traverse-node.ts:34:17)
    at NodePath.visit (/Users/emrecikisir/Desktop/team-03/frontend/node_modules/@babel/traverse/src/path/context.ts:101:33)
    at TraversalContext.visitQueue (/Users/emrecikisir/Desktop/team-03/frontend/node_modules/@babel/traverse/src/context.ts:144:16)
    at TraversalContext.visitSingle (/Users/emrecikisir/Desktop/team-03/frontend/node_modules/@babel/traverse/src/context.ts:108:19)
    at TraversalContext.visit (/Users/emrecikisir/Desktop/team-03/frontend/node_modules/@babel/traverse/src/context.ts:176:19)
    at traverseNode (/Users/emrecikisir/Desktop/team-03/frontend/node_modules/@babel/traverse/src/traverse-node.ts:34:17)
    at traverse (/Users/emrecikisir/Desktop/team-03/frontend/node_modules/@babel/traverse/src/index.ts:75:15)
    at transformFile (/Users/emrecikisir/Desktop/team-03/frontend/node_modules/@babel/core/src/transformation/index.ts:120:13)
    at transformFile.next (<anonymous>)
    at run (/Users/emrecikisir/Desktop/team-03/frontend/node_modules/@babel/core/src/transformation/index.ts:47:12)
    at run.next (<anonymous>)
    at transform (/Users/emrecikisir/Desktop/team-03/frontend/node_modules/@babel/core/src/transform.ts:29:20)
    at transform.next (<anonymous>)
    at evaluateSync (/Users/emrecikisir/Desktop/team-03/frontend/node_modules/gensync/index.js:251:28)
    at fn (/Users/emrecikisir/Desktop/team-03/frontend/node_modules/gensync/index.js:89:14)
    at stopHiding - secret - don't use this - v1 (/Users/emrecikisir/Desktop/team-03/frontend/node_modules/@babel/core/src/errors/rewrite-stack-trace.ts:97:14)
    at transformSync (/Users/emrecikisir/Desktop/team-03/frontend/node_modules/@babel/core/src/transform.ts:66:52)
    at Object.process (/Users/emrecikisir/Desktop/team-03/frontend/node_modules/babel-jest/build/index.js:332:57)
    at ScriptTransformer.transformSource (/Users/emrecikisir/Desktop/team-03/frontend/node_modules/jest-runner/node_modules/@jest/transform/build/ScriptTransformer.js:619:31)
    at ScriptTransformer._transformAndBuildScript (/Users/emrecikisir/Desktop/team-03/frontend/node_modules/jest-runner/node_modules/@jest/transform/build/ScriptTransformer.js:765:40)
    at ScriptTransformer.transform (/Users/emrecikisir/Desktop/team-03/frontend/node_modules/jest-runner/node_modules/@jest/transform/build/ScriptTransformer.js:822:19)
    at Runtime.transformFile (/Users/emrecikisir/Desktop/team-03/frontend/node_modules/jest-runtime/build/index.js:1677:47)
    at Runtime._execModule (/Users/emrecikisir/Desktop/team-03/frontend/node_modules/jest-runtime/build/index.js:1594:34)
    at Runtime._loadModule (/Users/emrecikisir/Desktop/team-03/frontend/node_modules/jest-runtime/build/index.js:1185:12)
    at Runtime.requireModule (/Users/emrecikisir/Desktop/team-03/frontend/node_modules/jest-runtime/build/index.js:1009:12)
    at jestAdapter (/Users/emrecikisir/Desktop/team-03/frontend/node_modules/jest-circus/build/legacy-code-todo-rewrite/jestAdapter.js:79:13)
    at runTestInternal (/Users/emrecikisir/Desktop/team-03/frontend/node_modules/jest-runner/build/runTest.js:389:16)
    at runTest (/Users/emrecikisir/Desktop/team-03/frontend/node_modules/jest-runner/build/runTest.js:475:34)
03:10:12 (25199) DEBUG Stryker Not removing the temp dir because an error occurred
03:10:12 (25199) ERROR Stryker Unexpected error occurred while running Stryker Error: Something went wrong in the initial test run
    at DryRunExecutor.validateResultCompleted (file:///Users/emrecikisir/Desktop/team-03/frontend/node_modules/@stryker-mutator/core/dist/src/process/3-dry-run-executor.js:67:15)
    at DryRunExecutor.executeDryRun (file:///Users/emrecikisir/Desktop/team-03/frontend/node_modules/@stryker-mutator/core/dist/src/process/3-dry-run-executor.js:87:14)
    at process.processTicksAndRejections (node:internal/process/task_queues:95:5)
    at async WorkItem.execute (file:///Users/emrecikisir/Desktop/team-03/frontend/node_modules/@stryker-mutator/core/dist/src/concurrent/pool.js:30:28)
    at async file:///Users/emrecikisir/Desktop/team-03/frontend/node_modules/@stryker-mutator/core/dist/src/concurrent/pool.js:67:13
03:10:12 (25199) INFO Stryker This might be a known problem with a solution documented in our troubleshooting guide.
03:10:12 (25199) INFO Stryker You can find it at https://stryker-mutator.io/docs/stryker-js/troubleshooting/
03:10:12 (25199) DEBUG ChildProcessProxy Disposing of worker process 25205
03:10:12 (25199) DEBUG ChildProcessProxy Disposing of worker process 25204
03:10:12 (25199) DEBUG ChildProcessProxy Disposing of worker process 25207
03:10:12 (25199) DEBUG ChildProcessProxy Disposing of worker process 25208
03:10:12 (25199) DEBUG ChildProcessProxy Disposing of worker process 25239
03:10:12 (25199) DEBUG ChildProcessProxy Disposing of worker process 25256
03:10:12 (25199) DEBUG ChildProcessProxy Disposing of worker process 25238
03:10:12 (25199) DEBUG ChildProcessProxy Kill 25205
03:10:12 (25199) DEBUG ChildProcessProxy Kill 25204
03:10:12 (25199) DEBUG ChildProcessProxy Kill 25207
03:10:12 (25199) DEBUG ChildProcessProxy Kill 25208
03:10:12 (25199) DEBUG ChildProcessProxy Kill 25239
03:10:12 (25199) DEBUG ChildProcessProxy Kill 25238
03:10:12 (25199) DEBUG ChildProcessProxy Kill 25256
03:10:12 (25199) DEBUG ChildProcessProxy Disposing of worker process 25202
03:10:12 (25199) DEBUG ChildProcessProxy Kill 25202
